[26-May-2023 14:12:11 UTC] PHP Warning:  Undefined array key "index_type" in C:\Users\Administrator\Local Sites\international-bank\app\public\wp-admin\includes\upgrade.php on line 2873
[26-May-2023 14:12:11 UTC] PHP Deprecated:  trim(): Passing null to parameter #1 ($string) of type string is deprecated in C:\Users\Administrator\Local Sites\international-bank\app\public\wp-admin\includes\upgrade.php on line 2873
[26-May-2023 14:12:11 UTC] PHP Warning:  Undefined array key "index_name" in C:\Users\Administrator\Local Sites\international-bank\app\public\wp-admin\includes\upgrade.php on line 2879
[26-May-2023 14:12:11 UTC] PHP Deprecated:  strtolower(): Passing null to parameter #1 ($string) of type string is deprecated in C:\Users\Administrator\Local Sites\international-bank\app\public\wp-admin\includes\upgrade.php on line 2879
[26-May-2023 14:12:11 UTC] PHP Warning:  Undefined array key "index_columns" in C:\Users\Administrator\Local Sites\international-bank\app\public\wp-admin\includes\upgrade.php on line 2882
[26-May-2023 14:12:11 UTC] PHP Deprecated:  explode(): Passing null to parameter #2 ($string) of type string is deprecated in C:\Users\Administrator\Local Sites\international-bank\app\public\wp-admin\includes\upgrade.php on line 2882
[26-May-2023 14:12:11 UTC] PHP Warning:  Undefined array key "column_name" in C:\Users\Administrator\Local Sites\international-bank\app\public\wp-admin\includes\upgrade.php on line 2913
[26-May-2023 14:12:12 UTC] WordPress database error You have an error in your SQL syntax; check the manual that corresponds to your MySQL server version for the right syntax to use near '' at line 1 for query ALTER TABLE wp_ib_push_pull ADD COLUMN -- ADDITIONAL SERVICES made by require('wp-blog-header.php'), require_once('wp-load.php'), require_once('wp-config.php'), require_once('wp-settings.php'), do_action('after_setup_theme'), WP_Hook->do_action, WP_Hook->apply_filters, create_custom_tables, dbDelta
[26-May-2023 14:12:12 UTC] WordPress database error You have an error in your SQL syntax; check the manual that corresponds to your MySQL server version for the right syntax to use near '(``)' at line 1 for query ALTER TABLE wp_ib_push_pull ADD  `` (``) made by require('wp-blog-header.php'), require_once('wp-load.php'), require_once('wp-config.php'), require_once('wp-settings.php'), do_action('after_setup_theme'), WP_Hook->do_action, WP_Hook->apply_filters, create_custom_tables, dbDelta
[26-May-2023 14:12:12 UTC] PHP Warning:  Undefined array key "index_type" in C:\Users\Administrator\Local Sites\international-bank\app\public\wp-admin\includes\upgrade.php on line 2873
[26-May-2023 14:12:12 UTC] PHP Deprecated:  trim(): Passing null to parameter #1 ($string) of type string is deprecated in C:\Users\Administrator\Local Sites\international-bank\app\public\wp-admin\includes\upgrade.php on line 2873
[26-May-2023 14:12:12 UTC] PHP Warning:  Undefined array key "index_name" in C:\Users\Administrator\Local Sites\international-bank\app\public\wp-admin\includes\upgrade.php on line 2879
[26-May-2023 14:12:12 UTC] PHP Deprecated:  strtolower(): Passing null to parameter #1 ($string) of type string is deprecated in C:\Users\Administrator\Local Sites\international-bank\app\public\wp-admin\includes\upgrade.php on line 2879
[26-May-2023 14:12:12 UTC] PHP Warning:  Undefined array key "index_columns" in C:\Users\Administrator\Local Sites\international-bank\app\public\wp-admin\includes\upgrade.php on line 2882
[26-May-2023 14:12:12 UTC] PHP Deprecated:  explode(): Passing null to parameter #2 ($string) of type string is deprecated in C:\Users\Administrator\Local Sites\international-bank\app\public\wp-admin\includes\upgrade.php on line 2882
[26-May-2023 14:12:12 UTC] PHP Warning:  Undefined array key "column_name" in C:\Users\Administrator\Local Sites\international-bank\app\public\wp-admin\includes\upgrade.php on line 2913
[26-May-2023 14:12:12 UTC] WordPress database error You have an error in your SQL syntax; check the manual that corresponds to your MySQL server version for the right syntax to use near '' at line 1 for query ALTER TABLE wp_ib_card_services ADD COLUMN -- ADDITIONAL SERVICES made by require('wp-blog-header.php'), require_once('wp-load.php'), require_once('wp-config.php'), require_once('wp-settings.php'), do_action('after_setup_theme'), WP_Hook->do_action, WP_Hook->apply_filters, create_custom_tables, dbDelta
[26-May-2023 14:12:12 UTC] WordPress database error You have an error in your SQL syntax; check the manual that corresponds to your MySQL server version for the right syntax to use near '(``)' at line 1 for query ALTER TABLE wp_ib_card_services ADD  `` (``) made by require('wp-blog-header.php'), require_once('wp-load.php'), require_once('wp-config.php'), require_once('wp-settings.php'), do_action('after_setup_theme'), WP_Hook->do_action, WP_Hook->apply_filters, create_custom_tables, dbDelta
[26-May-2023 14:12:12 UTC] PHP Warning:  Undefined array key "index_type" in C:\Users\Administrator\Local Sites\international-bank\app\public\wp-admin\includes\upgrade.php on line 2873
[26-May-2023 14:12:12 UTC] PHP Deprecated:  trim(): Passing null to parameter #1 ($string) of type string is deprecated in C:\Users\Administrator\Local Sites\international-bank\app\public\wp-admin\includes\upgrade.php on line 2873
[26-May-2023 14:12:12 UTC] PHP Warning:  Undefined array key "index_name" in C:\Users\Administrator\Local Sites\international-bank\app\public\wp-admin\includes\upgrade.php on line 2879
[26-May-2023 14:12:12 UTC] PHP Deprecated:  strtolower(): Passing null to parameter #1 ($string) of type string is deprecated in C:\Users\Administrator\Local Sites\international-bank\app\public\wp-admin\includes\upgrade.php on line 2879
[26-May-2023 14:12:12 UTC] PHP Warning:  Undefined array key "index_columns" in C:\Users\Administrator\Local Sites\international-bank\app\public\wp-admin\includes\upgrade.php on line 2882
[26-May-2023 14:12:12 UTC] PHP Deprecated:  explode(): Passing null to parameter #2 ($string) of type string is deprecated in C:\Users\Administrator\Local Sites\international-bank\app\public\wp-admin\includes\upgrade.php on line 2882
[26-May-2023 14:12:12 UTC] PHP Warning:  Undefined array key "column_name" in C:\Users\Administrator\Local Sites\international-bank\app\public\wp-admin\includes\upgrade.php on line 2913
[26-May-2023 14:12:12 UTC] WordPress database error You have an error in your SQL syntax; check the manual that corresponds to your MySQL server version for the right syntax to use near '' at line 1 for query ALTER TABLE wp_ib_online_banking ADD COLUMN -- ADDITIONAL SERVICES made by require('wp-blog-header.php'), require_once('wp-load.php'), require_once('wp-config.php'), require_once('wp-settings.php'), do_action('after_setup_theme'), WP_Hook->do_action, WP_Hook->apply_filters, create_custom_tables, dbDelta
[26-May-2023 14:12:12 UTC] WordPress database error You have an error in your SQL syntax; check the manual that corresponds to your MySQL server version for the right syntax to use near '(``)' at line 1 for query ALTER TABLE wp_ib_online_banking ADD  `` (``) made by require('wp-blog-header.php'), require_once('wp-load.php'), require_once('wp-config.php'), require_once('wp-settings.php'), do_action('after_setup_theme'), WP_Hook->do_action, WP_Hook->apply_filters, create_custom_tables, dbDelta
[26-May-2023 14:12:12 UTC] PHP Warning:  Undefined array key "index_type" in C:\Users\Administrator\Local Sites\international-bank\app\public\wp-admin\includes\upgrade.php on line 2873
[26-May-2023 14:12:12 UTC] PHP Deprecated:  trim(): Passing null to parameter #1 ($string) of type string is deprecated in C:\Users\Administrator\Local Sites\international-bank\app\public\wp-admin\includes\upgrade.php on line 2873
[26-May-2023 14:12:12 UTC] PHP Warning:  Undefined array key "index_name" in C:\Users\Administrator\Local Sites\international-bank\app\public\wp-admin\includes\upgrade.php on line 2879
[26-May-2023 14:12:12 UTC] PHP Deprecated:  strtolower(): Passing null to parameter #1 ($string) of type string is deprecated in C:\Users\Administrator\Local Sites\international-bank\app\public\wp-admin\includes\upgrade.php on line 2879
[26-May-2023 14:12:12 UTC] PHP Warning:  Undefined array key "index_columns" in C:\Users\Administrator\Local Sites\international-bank\app\public\wp-admin\includes\upgrade.php on line 2882
[26-May-2023 14:12:12 UTC] PHP Deprecated:  explode(): Passing null to parameter #2 ($string) of type string is deprecated in C:\Users\Administrator\Local Sites\international-bank\app\public\wp-admin\includes\upgrade.php on line 2882
[26-May-2023 14:12:12 UTC] PHP Warning:  Undefined array key "column_name" in C:\Users\Administrator\Local Sites\international-bank\app\public\wp-admin\includes\upgrade.php on line 2913
[26-May-2023 14:12:12 UTC] WordPress database error You have an error in your SQL syntax; check the manual that corresponds to your MySQL server version for the right syntax to use near '' at line 1 for query ALTER TABLE wp_ib_sms_alert ADD COLUMN -- ADDITIONAL SERVICES made by require('wp-blog-header.php'), require_once('wp-load.php'), require_once('wp-config.php'), require_once('wp-settings.php'), do_action('after_setup_theme'), WP_Hook->do_action, WP_Hook->apply_filters, create_custom_tables, dbDelta
[26-May-2023 14:12:12 UTC] WordPress database error You have an error in your SQL syntax; check the manual that corresponds to your MySQL server version for the right syntax to use near '(``)' at line 1 for query ALTER TABLE wp_ib_sms_alert ADD  `` (``) made by require('wp-blog-header.php'), require_once('wp-load.php'), require_once('wp-config.php'), require_once('wp-settings.php'), do_action('after_setup_theme'), WP_Hook->do_action, WP_Hook->apply_filters, create_custom_tables, dbDelta
[26-May-2023 14:12:12 UTC] PHP Warning:  Undefined array key "index_type" in C:\Users\Administrator\Local Sites\international-bank\app\public\wp-admin\includes\upgrade.php on line 2873
[26-May-2023 14:12:12 UTC] PHP Deprecated:  trim(): Passing null to parameter #1 ($string) of type string is deprecated in C:\Users\Administrator\Local Sites\international-bank\app\public\wp-admin\includes\upgrade.php on line 2873
[26-May-2023 14:12:12 UTC] PHP Warning:  Undefined array key "index_name" in C:\Users\Administrator\Local Sites\international-bank\app\public\wp-admin\includes\upgrade.php on line 2879
[26-May-2023 14:12:12 UTC] PHP Deprecated:  strtolower(): Passing null to parameter #1 ($string) of type string is deprecated in C:\Users\Administrator\Local Sites\international-bank\app\public\wp-admin\includes\upgrade.php on line 2879
[26-May-2023 14:12:12 UTC] PHP Warning:  Undefined array key "index_columns" in C:\Users\Administrator\Local Sites\international-bank\app\public\wp-admin\includes\upgrade.php on line 2882
[26-May-2023 14:12:12 UTC] PHP Deprecated:  explode(): Passing null to parameter #2 ($string) of type string is deprecated in C:\Users\Administrator\Local Sites\international-bank\app\public\wp-admin\includes\upgrade.php on line 2882
[26-May-2023 14:12:12 UTC] PHP Warning:  Undefined array key "column_name" in C:\Users\Administrator\Local Sites\international-bank\app\public\wp-admin\includes\upgrade.php on line 2913
[26-May-2023 14:12:12 UTC] WordPress database error You have an error in your SQL syntax; check the manual that corresponds to your MySQL server version for the right syntax to use near '' at line 1 for query ALTER TABLE wp_ib_mobile_banking ADD COLUMN -- ADDITIONAL SERVICES made by require('wp-blog-header.php'), require_once('wp-load.php'), require_once('wp-config.php'), require_once('wp-settings.php'), do_action('after_setup_theme'), WP_Hook->do_action, WP_Hook->apply_filters, create_custom_tables, dbDelta
[26-May-2023 14:12:12 UTC] WordPress database error You have an error in your SQL syntax; check the manual that corresponds to your MySQL server version for the right syntax to use near '(``)' at line 1 for query ALTER TABLE wp_ib_mobile_banking ADD  `` (``) made by require('wp-blog-header.php'), require_once('wp-load.php'), require_once('wp-config.php'), require_once('wp-settings.php'), do_action('after_setup_theme'), WP_Hook->do_action, WP_Hook->apply_filters, create_custom_tables, dbDelta
[26-May-2023 14:12:12 UTC] PHP Warning:  Undefined array key "index_type" in C:\Users\Administrator\Local Sites\international-bank\app\public\wp-admin\includes\upgrade.php on line 2873
[26-May-2023 14:12:12 UTC] PHP Deprecated:  trim(): Passing null to parameter #1 ($string) of type string is deprecated in C:\Users\Administrator\Local Sites\international-bank\app\public\wp-admin\includes\upgrade.php on line 2873
[26-May-2023 14:12:12 UTC] PHP Warning:  Undefined array key "index_name" in C:\Users\Administrator\Local Sites\international-bank\app\public\wp-admin\includes\upgrade.php on line 2879
[26-May-2023 14:12:12 UTC] PHP Deprecated:  strtolower(): Passing null to parameter #1 ($string) of type string is deprecated in C:\Users\Administrator\Local Sites\international-bank\app\public\wp-admin\includes\upgrade.php on line 2879
[26-May-2023 14:12:12 UTC] PHP Warning:  Undefined array key "index_columns" in C:\Users\Administrator\Local Sites\international-bank\app\public\wp-admin\includes\upgrade.php on line 2882
[26-May-2023 14:12:12 UTC] PHP Deprecated:  explode(): Passing null to parameter #2 ($string) of type string is deprecated in C:\Users\Administrator\Local Sites\international-bank\app\public\wp-admin\includes\upgrade.php on line 2882
[26-May-2023 14:12:12 UTC] PHP Warning:  Undefined array key "column_name" in C:\Users\Administrator\Local Sites\international-bank\app\public\wp-admin\includes\upgrade.php on line 2913
[26-May-2023 14:12:12 UTC] WordPress database error You have an error in your SQL syntax; check the manual that corresponds to your MySQL server version for the right syntax to use near '' at line 1 for query ALTER TABLE wp_ib_e_statement ADD COLUMN -- ADDITIONAL SERVICES made by require('wp-blog-header.php'), require_once('wp-load.php'), require_once('wp-config.php'), require_once('wp-settings.php'), do_action('after_setup_theme'), WP_Hook->do_action, WP_Hook->apply_filters, create_custom_tables, dbDelta
[26-May-2023 14:12:12 UTC] WordPress database error You have an error in your SQL syntax; check the manual that corresponds to your MySQL server version for the right syntax to use near '(``)' at line 1 for query ALTER TABLE wp_ib_e_statement ADD  `` (``) made by require('wp-blog-header.php'), require_once('wp-load.php'), require_once('wp-config.php'), require_once('wp-settings.php'), do_action('after_setup_theme'), WP_Hook->do_action, WP_Hook->apply_filters, create_custom_tables, dbDelta
[26-May-2023 14:12:12 UTC] PHP Warning:  Undefined array key "index_type" in C:\Users\Administrator\Local Sites\international-bank\app\public\wp-admin\includes\upgrade.php on line 2873
[26-May-2023 14:12:12 UTC] PHP Deprecated:  trim(): Passing null to parameter #1 ($string) of type string is deprecated in C:\Users\Administrator\Local Sites\international-bank\app\public\wp-admin\includes\upgrade.php on line 2873
[26-May-2023 14:12:12 UTC] PHP Warning:  Undefined array key "index_name" in C:\Users\Administrator\Local Sites\international-bank\app\public\wp-admin\includes\upgrade.php on line 2879
[26-May-2023 14:12:12 UTC] PHP Deprecated:  strtolower(): Passing null to parameter #1 ($string) of type string is deprecated in C:\Users\Administrator\Local Sites\international-bank\app\public\wp-admin\includes\upgrade.php on line 2879
[26-May-2023 14:12:12 UTC] PHP Warning:  Undefined array key "index_columns" in C:\Users\Administrator\Local Sites\international-bank\app\public\wp-admin\includes\upgrade.php on line 2882
[26-May-2023 14:12:12 UTC] PHP Deprecated:  explode(): Passing null to parameter #2 ($string) of type string is deprecated in C:\Users\Administrator\Local Sites\international-bank\app\public\wp-admin\includes\upgrade.php on line 2882
[26-May-2023 14:12:12 UTC] PHP Warning:  Undefined array key "column_name" in C:\Users\Administrator\Local Sites\international-bank\app\public\wp-admin\includes\upgrade.php on line 2913
[26-May-2023 14:12:13 UTC] WordPress database error You have an error in your SQL syntax; check the manual that corresponds to your MySQL server version for the right syntax to use near '' at line 1 for query ALTER TABLE wp_ib_e_alert ADD COLUMN -- ADDITIONAL SERVICES made by require('wp-blog-header.php'), require_once('wp-load.php'), require_once('wp-config.php'), require_once('wp-settings.php'), do_action('after_setup_theme'), WP_Hook->do_action, WP_Hook->apply_filters, create_custom_tables, dbDelta
[26-May-2023 14:12:13 UTC] WordPress database error You have an error in your SQL syntax; check the manual that corresponds to your MySQL server version for the right syntax to use near '(``)' at line 1 for query ALTER TABLE wp_ib_e_alert ADD  `` (``) made by require('wp-blog-header.php'), require_once('wp-load.php'), require_once('wp-config.php'), require_once('wp-settings.php'), do_action('after_setup_theme'), WP_Hook->do_action, WP_Hook->apply_filters, create_custom_tables, dbDelta
[26-May-2023 14:12:13 UTC] PHP Warning:  Undefined array key "title" in C:\Users\Administrator\Local Sites\international-bank\app\public\wp-content\themes\ib\core\form-handlers\e-alert.php on line 13
[26-May-2023 14:12:27 UTC] WordPress database error Unknown column 'Estatement' in 'field list' for query INSERT INTO `wp_ib_e_alert` (`HaveAnAccountWithIB`, `ExistingAccountNumber`, `AccountHolderTitle`, `AccountHolderFirstName`, `AccountHolderMiddleName`, `AccountHolderLastName`, `AccountHolderPhoneNumberOne`, `AccountHolderPhoneNumberTwo`, `AccountHolderEmail`, `IsAdditionalEServices`, `SMSBanking`, `PushAndPull`, `ATM`, `Mastercard`, `InternetBanking`, `MobileBanking`, `EmailInstructions`, `Estatement`, `IsAgreedToTerms`) VALUES ('Yes', '444', 'MR', 'Abu-Bakar', 'Abdullah', 'Kanneh', '770432997', '770432997', 'monroviastorellc@gmail.com', 'No', 'N/A', 'N/A', 'N/A', 'N/A', 'N/A', 'N/A', 'N/A', 'N/A', 'YES') made by require('wp-blog-header.php'), require_once('wp-includes/template-loader.php'), include('/themes/ib/page-e-alert.php'), require_once('/themes/ib/core/form-handlers/e-alert.php')
[26-May-2023 14:22:20 UTC] PHP Warning:  Undefined array key "index_type" in C:\Users\Administrator\Local Sites\international-bank\app\public\wp-admin\includes\upgrade.php on line 2873
[26-May-2023 14:22:20 UTC] PHP Deprecated:  trim(): Passing null to parameter #1 ($string) of type string is deprecated in C:\Users\Administrator\Local Sites\international-bank\app\public\wp-admin\includes\upgrade.php on line 2873
[26-May-2023 14:22:20 UTC] PHP Warning:  Undefined array key "index_name" in C:\Users\Administrator\Local Sites\international-bank\app\public\wp-admin\includes\upgrade.php on line 2879
[26-May-2023 14:22:20 UTC] PHP Deprecated:  strtolower(): Passing null to parameter #1 ($string) of type string is deprecated in C:\Users\Administrator\Local Sites\international-bank\app\public\wp-admin\includes\upgrade.php on line 2879
[26-May-2023 14:22:20 UTC] PHP Warning:  Undefined array key "index_columns" in C:\Users\Administrator\Local Sites\international-bank\app\public\wp-admin\includes\upgrade.php on line 2882
[26-May-2023 14:22:20 UTC] PHP Deprecated:  explode(): Passing null to parameter #2 ($string) of type string is deprecated in C:\Users\Administrator\Local Sites\international-bank\app\public\wp-admin\includes\upgrade.php on line 2882
[26-May-2023 14:22:20 UTC] PHP Warning:  Undefined array key "column_name" in C:\Users\Administrator\Local Sites\international-bank\app\public\wp-admin\includes\upgrade.php on line 2913
[26-May-2023 14:22:21 UTC] WordPress database error You have an error in your SQL syntax; check the manual that corresponds to your MySQL server version for the right syntax to use near '' at line 1 for query ALTER TABLE wp_ib_push_pull ADD COLUMN -- ADDITIONAL SERVICES made by require_once('wp-load.php'), require_once('wp-config.php'), require_once('wp-settings.php'), do_action('after_setup_theme'), WP_Hook->do_action, WP_Hook->apply_filters, create_custom_tables, dbDelta
[26-May-2023 14:22:21 UTC] WordPress database error You have an error in your SQL syntax; check the manual that corresponds to your MySQL server version for the right syntax to use near '(``)' at line 1 for query ALTER TABLE wp_ib_push_pull ADD  `` (``) made by require_once('wp-load.php'), require_once('wp-config.php'), require_once('wp-settings.php'), do_action('after_setup_theme'), WP_Hook->do_action, WP_Hook->apply_filters, create_custom_tables, dbDelta
[26-May-2023 14:22:21 UTC] PHP Warning:  Undefined array key "index_type" in C:\Users\Administrator\Local Sites\international-bank\app\public\wp-admin\includes\upgrade.php on line 2873
[26-May-2023 14:22:21 UTC] PHP Deprecated:  trim(): Passing null to parameter #1 ($string) of type string is deprecated in C:\Users\Administrator\Local Sites\international-bank\app\public\wp-admin\includes\upgrade.php on line 2873
[26-May-2023 14:22:21 UTC] PHP Warning:  Undefined array key "index_name" in C:\Users\Administrator\Local Sites\international-bank\app\public\wp-admin\includes\upgrade.php on line 2879
[26-May-2023 14:22:21 UTC] PHP Deprecated:  strtolower(): Passing null to parameter #1 ($string) of type string is deprecated in C:\Users\Administrator\Local Sites\international-bank\app\public\wp-admin\includes\upgrade.php on line 2879
[26-May-2023 14:22:21 UTC] PHP Warning:  Undefined array key "index_columns" in C:\Users\Administrator\Local Sites\international-bank\app\public\wp-admin\includes\upgrade.php on line 2882
[26-May-2023 14:22:21 UTC] PHP Deprecated:  explode(): Passing null to parameter #2 ($string) of type string is deprecated in C:\Users\Administrator\Local Sites\international-bank\app\public\wp-admin\includes\upgrade.php on line 2882
[26-May-2023 14:22:21 UTC] PHP Warning:  Undefined array key "column_name" in C:\Users\Administrator\Local Sites\international-bank\app\public\wp-admin\includes\upgrade.php on line 2913
[26-May-2023 14:22:21 UTC] WordPress database error You have an error in your SQL syntax; check the manual that corresponds to your MySQL server version for the right syntax to use near '' at line 1 for query ALTER TABLE wp_ib_card_services ADD COLUMN -- ADDITIONAL SERVICES made by require_once('wp-load.php'), require_once('wp-config.php'), require_once('wp-settings.php'), do_action('after_setup_theme'), WP_Hook->do_action, WP_Hook->apply_filters, create_custom_tables, dbDelta
[26-May-2023 14:22:21 UTC] WordPress database error You have an error in your SQL syntax; check the manual that corresponds to your MySQL server version for the right syntax to use near '(``)' at line 1 for query ALTER TABLE wp_ib_card_services ADD  `` (``) made by require_once('wp-load.php'), require_once('wp-config.php'), require_once('wp-settings.php'), do_action('after_setup_theme'), WP_Hook->do_action, WP_Hook->apply_filters, create_custom_tables, dbDelta
[26-May-2023 14:22:21 UTC] PHP Warning:  Undefined array key "index_type" in C:\Users\Administrator\Local Sites\international-bank\app\public\wp-admin\includes\upgrade.php on line 2873
[26-May-2023 14:22:21 UTC] PHP Deprecated:  trim(): Passing null to parameter #1 ($string) of type string is deprecated in C:\Users\Administrator\Local Sites\international-bank\app\public\wp-admin\includes\upgrade.php on line 2873
[26-May-2023 14:22:21 UTC] PHP Warning:  Undefined array key "index_name" in C:\Users\Administrator\Local Sites\international-bank\app\public\wp-admin\includes\upgrade.php on line 2879
[26-May-2023 14:22:21 UTC] PHP Deprecated:  strtolower(): Passing null to parameter #1 ($string) of type string is deprecated in C:\Users\Administrator\Local Sites\international-bank\app\public\wp-admin\includes\upgrade.php on line 2879
[26-May-2023 14:22:21 UTC] PHP Warning:  Undefined array key "index_columns" in C:\Users\Administrator\Local Sites\international-bank\app\public\wp-admin\includes\upgrade.php on line 2882
[26-May-2023 14:22:21 UTC] PHP Deprecated:  explode(): Passing null to parameter #2 ($string) of type string is deprecated in C:\Users\Administrator\Local Sites\international-bank\app\public\wp-admin\includes\upgrade.php on line 2882
[26-May-2023 14:22:21 UTC] PHP Warning:  Undefined array key "column_name" in C:\Users\Administrator\Local Sites\international-bank\app\public\wp-admin\includes\upgrade.php on line 2913
[26-May-2023 14:22:21 UTC] WordPress database error You have an error in your SQL syntax; check the manual that corresponds to your MySQL server version for the right syntax to use near '' at line 1 for query ALTER TABLE wp_ib_online_banking ADD COLUMN -- ADDITIONAL SERVICES made by require_once('wp-load.php'), require_once('wp-config.php'), require_once('wp-settings.php'), do_action('after_setup_theme'), WP_Hook->do_action, WP_Hook->apply_filters, create_custom_tables, dbDelta
[26-May-2023 14:22:21 UTC] WordPress database error You have an error in your SQL syntax; check the manual that corresponds to your MySQL server version for the right syntax to use near '(``)' at line 1 for query ALTER TABLE wp_ib_online_banking ADD  `` (``) made by require_once('wp-load.php'), require_once('wp-config.php'), require_once('wp-settings.php'), do_action('after_setup_theme'), WP_Hook->do_action, WP_Hook->apply_filters, create_custom_tables, dbDelta
[26-May-2023 14:22:21 UTC] PHP Warning:  Undefined array key "index_type" in C:\Users\Administrator\Local Sites\international-bank\app\public\wp-admin\includes\upgrade.php on line 2873
[26-May-2023 14:22:21 UTC] PHP Deprecated:  trim(): Passing null to parameter #1 ($string) of type string is deprecated in C:\Users\Administrator\Local Sites\international-bank\app\public\wp-admin\includes\upgrade.php on line 2873
[26-May-2023 14:22:21 UTC] PHP Warning:  Undefined array key "index_name" in C:\Users\Administrator\Local Sites\international-bank\app\public\wp-admin\includes\upgrade.php on line 2879
[26-May-2023 14:22:21 UTC] PHP Deprecated:  strtolower(): Passing null to parameter #1 ($string) of type string is deprecated in C:\Users\Administrator\Local Sites\international-bank\app\public\wp-admin\includes\upgrade.php on line 2879
[26-May-2023 14:22:21 UTC] PHP Warning:  Undefined array key "index_columns" in C:\Users\Administrator\Local Sites\international-bank\app\public\wp-admin\includes\upgrade.php on line 2882
[26-May-2023 14:22:21 UTC] PHP Deprecated:  explode(): Passing null to parameter #2 ($string) of type string is deprecated in C:\Users\Administrator\Local Sites\international-bank\app\public\wp-admin\includes\upgrade.php on line 2882
[26-May-2023 14:22:21 UTC] PHP Warning:  Undefined array key "column_name" in C:\Users\Administrator\Local Sites\international-bank\app\public\wp-admin\includes\upgrade.php on line 2913
[26-May-2023 14:22:21 UTC] WordPress database error You have an error in your SQL syntax; check the manual that corresponds to your MySQL server version for the right syntax to use near '' at line 1 for query ALTER TABLE wp_ib_sms_alert ADD COLUMN -- ADDITIONAL SERVICES made by require_once('wp-load.php'), require_once('wp-config.php'), require_once('wp-settings.php'), do_action('after_setup_theme'), WP_Hook->do_action, WP_Hook->apply_filters, create_custom_tables, dbDelta
[26-May-2023 14:22:21 UTC] WordPress database error You have an error in your SQL syntax; check the manual that corresponds to your MySQL server version for the right syntax to use near '(``)' at line 1 for query ALTER TABLE wp_ib_sms_alert ADD  `` (``) made by require_once('wp-load.php'), require_once('wp-config.php'), require_once('wp-settings.php'), do_action('after_setup_theme'), WP_Hook->do_action, WP_Hook->apply_filters, create_custom_tables, dbDelta
[26-May-2023 14:22:21 UTC] PHP Warning:  Undefined array key "index_type" in C:\Users\Administrator\Local Sites\international-bank\app\public\wp-admin\includes\upgrade.php on line 2873
[26-May-2023 14:22:21 UTC] PHP Deprecated:  trim(): Passing null to parameter #1 ($string) of type string is deprecated in C:\Users\Administrator\Local Sites\international-bank\app\public\wp-admin\includes\upgrade.php on line 2873
[26-May-2023 14:22:21 UTC] PHP Warning:  Undefined array key "index_name" in C:\Users\Administrator\Local Sites\international-bank\app\public\wp-admin\includes\upgrade.php on line 2879
[26-May-2023 14:22:21 UTC] PHP Deprecated:  strtolower(): Passing null to parameter #1 ($string) of type string is deprecated in C:\Users\Administrator\Local Sites\international-bank\app\public\wp-admin\includes\upgrade.php on line 2879
[26-May-2023 14:22:21 UTC] PHP Warning:  Undefined array key "index_columns" in C:\Users\Administrator\Local Sites\international-bank\app\public\wp-admin\includes\upgrade.php on line 2882
[26-May-2023 14:22:21 UTC] PHP Deprecated:  explode(): Passing null to parameter #2 ($string) of type string is deprecated in C:\Users\Administrator\Local Sites\international-bank\app\public\wp-admin\includes\upgrade.php on line 2882
[26-May-2023 14:22:21 UTC] PHP Warning:  Undefined array key "column_name" in C:\Users\Administrator\Local Sites\international-bank\app\public\wp-admin\includes\upgrade.php on line 2913
[26-May-2023 14:22:21 UTC] WordPress database error You have an error in your SQL syntax; check the manual that corresponds to your MySQL server version for the right syntax to use near '' at line 1 for query ALTER TABLE wp_ib_mobile_banking ADD COLUMN -- ADDITIONAL SERVICES made by require_once('wp-load.php'), require_once('wp-config.php'), require_once('wp-settings.php'), do_action('after_setup_theme'), WP_Hook->do_action, WP_Hook->apply_filters, create_custom_tables, dbDelta
[26-May-2023 14:22:21 UTC] WordPress database error You have an error in your SQL syntax; check the manual that corresponds to your MySQL server version for the right syntax to use near '(``)' at line 1 for query ALTER TABLE wp_ib_mobile_banking ADD  `` (``) made by require_once('wp-load.php'), require_once('wp-config.php'), require_once('wp-settings.php'), do_action('after_setup_theme'), WP_Hook->do_action, WP_Hook->apply_filters, create_custom_tables, dbDelta
[26-May-2023 14:22:21 UTC] PHP Warning:  Undefined array key "index_type" in C:\Users\Administrator\Local Sites\international-bank\app\public\wp-admin\includes\upgrade.php on line 2873
[26-May-2023 14:22:21 UTC] PHP Deprecated:  trim(): Passing null to parameter #1 ($string) of type string is deprecated in C:\Users\Administrator\Local Sites\international-bank\app\public\wp-admin\includes\upgrade.php on line 2873
[26-May-2023 14:22:21 UTC] PHP Warning:  Undefined array key "index_name" in C:\Users\Administrator\Local Sites\international-bank\app\public\wp-admin\includes\upgrade.php on line 2879
[26-May-2023 14:22:21 UTC] PHP Deprecated:  strtolower(): Passing null to parameter #1 ($string) of type string is deprecated in C:\Users\Administrator\Local Sites\international-bank\app\public\wp-admin\includes\upgrade.php on line 2879
[26-May-2023 14:22:21 UTC] PHP Warning:  Undefined array key "index_columns" in C:\Users\Administrator\Local Sites\international-bank\app\public\wp-admin\includes\upgrade.php on line 2882
[26-May-2023 14:22:21 UTC] PHP Deprecated:  explode(): Passing null to parameter #2 ($string) of type string is deprecated in C:\Users\Administrator\Local Sites\international-bank\app\public\wp-admin\includes\upgrade.php on line 2882
[26-May-2023 14:22:21 UTC] PHP Warning:  Undefined array key "column_name" in C:\Users\Administrator\Local Sites\international-bank\app\public\wp-admin\includes\upgrade.php on line 2913
[26-May-2023 14:22:21 UTC] PHP Warning:  Undefined array key "index_type" in C:\Users\Administrator\Local Sites\international-bank\app\public\wp-admin\includes\upgrade.php on line 2873
[26-May-2023 14:22:21 UTC] PHP Deprecated:  trim(): Passing null to parameter #1 ($string) of type string is deprecated in C:\Users\Administrator\Local Sites\international-bank\app\public\wp-admin\includes\upgrade.php on line 2873
[26-May-2023 14:22:21 UTC] PHP Warning:  Undefined array key "index_name" in C:\Users\Administrator\Local Sites\international-bank\app\public\wp-admin\includes\upgrade.php on line 2879
[26-May-2023 14:22:21 UTC] PHP Deprecated:  strtolower(): Passing null to parameter #1 ($string) of type string is deprecated in C:\Users\Administrator\Local Sites\international-bank\app\public\wp-admin\includes\upgrade.php on line 2879
[26-May-2023 14:22:21 UTC] PHP Warning:  Undefined array key "index_columns" in C:\Users\Administrator\Local Sites\international-bank\app\public\wp-admin\includes\upgrade.php on line 2882
[26-May-2023 14:22:21 UTC] PHP Deprecated:  explode(): Passing null to parameter #2 ($string) of type string is deprecated in C:\Users\Administrator\Local Sites\international-bank\app\public\wp-admin\includes\upgrade.php on line 2882
[26-May-2023 14:22:21 UTC] PHP Warning:  Undefined array key "column_name" in C:\Users\Administrator\Local Sites\international-bank\app\public\wp-admin\includes\upgrade.php on line 2913
[26-May-2023 14:22:21 UTC] WordPress database error You have an error in your SQL syntax; check the manual that corresponds to your MySQL server version for the right syntax to use near '' at line 1 for query ALTER TABLE wp_ib_e_statement ADD COLUMN -- ADDITIONAL SERVICES made by require_once('wp-load.php'), require_once('wp-config.php'), require_once('wp-settings.php'), do_action('after_setup_theme'), WP_Hook->do_action, WP_Hook->apply_filters, create_custom_tables, dbDelta
[26-May-2023 14:22:21 UTC] WordPress database error You have an error in your SQL syntax; check the manual that corresponds to your MySQL server version for the right syntax to use near '(``)' at line 1 for query ALTER TABLE wp_ib_e_statement ADD  `` (``) made by require_once('wp-load.php'), require_once('wp-config.php'), require_once('wp-settings.php'), do_action('after_setup_theme'), WP_Hook->do_action, WP_Hook->apply_filters, create_custom_tables, dbDelta
[26-May-2023 14:22:21 UTC] PHP Warning:  Undefined array key "index_type" in C:\Users\Administrator\Local Sites\international-bank\app\public\wp-admin\includes\upgrade.php on line 2873
[26-May-2023 14:22:21 UTC] PHP Deprecated:  trim(): Passing null to parameter #1 ($string) of type string is deprecated in C:\Users\Administrator\Local Sites\international-bank\app\public\wp-admin\includes\upgrade.php on line 2873
[26-May-2023 14:22:21 UTC] PHP Warning:  Undefined array key "index_name" in C:\Users\Administrator\Local Sites\international-bank\app\public\wp-admin\includes\upgrade.php on line 2879
[26-May-2023 14:22:21 UTC] PHP Deprecated:  strtolower(): Passing null to parameter #1 ($string) of type string is deprecated in C:\Users\Administrator\Local Sites\international-bank\app\public\wp-admin\includes\upgrade.php on line 2879
[26-May-2023 14:22:21 UTC] PHP Warning:  Undefined array key "index_columns" in C:\Users\Administrator\Local Sites\international-bank\app\public\wp-admin\includes\upgrade.php on line 2882
[26-May-2023 14:22:21 UTC] PHP Deprecated:  explode(): Passing null to parameter #2 ($string) of type string is deprecated in C:\Users\Administrator\Local Sites\international-bank\app\public\wp-admin\includes\upgrade.php on line 2882
[26-May-2023 14:22:21 UTC] PHP Warning:  Undefined array key "column_name" in C:\Users\Administrator\Local Sites\international-bank\app\public\wp-admin\includes\upgrade.php on line 2913
[26-May-2023 14:22:22 UTC] WordPress database error You have an error in your SQL syntax; check the manual that corresponds to your MySQL server version for the right syntax to use near '' at line 1 for query ALTER TABLE wp_ib_push_pull ADD COLUMN -- ADDITIONAL SERVICES made by require('wp-blog-header.php'), require_once('wp-load.php'), require_once('wp-config.php'), require_once('wp-settings.php'), do_action('after_setup_theme'), WP_Hook->do_action, WP_Hook->apply_filters, create_custom_tables, dbDelta
[26-May-2023 14:22:22 UTC] WordPress database error You have an error in your SQL syntax; check the manual that corresponds to your MySQL server version for the right syntax to use near '(``)' at line 1 for query ALTER TABLE wp_ib_push_pull ADD  `` (``) made by require('wp-blog-header.php'), require_once('wp-load.php'), require_once('wp-config.php'), require_once('wp-settings.php'), do_action('after_setup_theme'), WP_Hook->do_action, WP_Hook->apply_filters, create_custom_tables, dbDelta
[26-May-2023 14:22:22 UTC] PHP Warning:  Undefined array key "index_type" in C:\Users\Administrator\Local Sites\international-bank\app\public\wp-admin\includes\upgrade.php on line 2873
[26-May-2023 14:22:22 UTC] PHP Deprecated:  trim(): Passing null to parameter #1 ($string) of type string is deprecated in C:\Users\Administrator\Local Sites\international-bank\app\public\wp-admin\includes\upgrade.php on line 2873
[26-May-2023 14:22:22 UTC] PHP Warning:  Undefined array key "index_name" in C:\Users\Administrator\Local Sites\international-bank\app\public\wp-admin\includes\upgrade.php on line 2879
[26-May-2023 14:22:22 UTC] PHP Deprecated:  strtolower(): Passing null to parameter #1 ($string) of type string is deprecated in C:\Users\Administrator\Local Sites\international-bank\app\public\wp-admin\includes\upgrade.php on line 2879
[26-May-2023 14:22:22 UTC] PHP Warning:  Undefined array key "index_columns" in C:\Users\Administrator\Local Sites\international-bank\app\public\wp-admin\includes\upgrade.php on line 2882
[26-May-2023 14:22:22 UTC] PHP Deprecated:  explode(): Passing null to parameter #2 ($string) of type string is deprecated in C:\Users\Administrator\Local Sites\international-bank\app\public\wp-admin\includes\upgrade.php on line 2882
[26-May-2023 14:22:22 UTC] PHP Warning:  Undefined array key "column_name" in C:\Users\Administrator\Local Sites\international-bank\app\public\wp-admin\includes\upgrade.php on line 2913
[26-May-2023 14:22:22 UTC] WordPress database error You have an error in your SQL syntax; check the manual that corresponds to your MySQL server version for the right syntax to use near '' at line 1 for query ALTER TABLE wp_ib_e_alert ADD COLUMN -- ADDITIONAL SERVICES made by require_once('wp-load.php'), require_once('wp-config.php'), require_once('wp-settings.php'), do_action('after_setup_theme'), WP_Hook->do_action, WP_Hook->apply_filters, create_custom_tables, dbDelta
[26-May-2023 14:22:22 UTC] WordPress database error You have an error in your SQL syntax; check the manual that corresponds to your MySQL server version for the right syntax to use near '(``)' at line 1 for query ALTER TABLE wp_ib_e_alert ADD  `` (``) made by require_once('wp-load.php'), require_once('wp-config.php'), require_once('wp-settings.php'), do_action('after_setup_theme'), WP_Hook->do_action, WP_Hook->apply_filters, create_custom_tables, dbDelta
[26-May-2023 14:22:22 UTC] WordPress database error You have an error in your SQL syntax; check the manual that corresponds to your MySQL server version for the right syntax to use near '' at line 1 for query ALTER TABLE wp_ib_card_services ADD COLUMN -- ADDITIONAL SERVICES made by require('wp-blog-header.php'), require_once('wp-load.php'), require_once('wp-config.php'), require_once('wp-settings.php'), do_action('after_setup_theme'), WP_Hook->do_action, WP_Hook->apply_filters, create_custom_tables, dbDelta
[26-May-2023 14:22:22 UTC] WordPress database error You have an error in your SQL syntax; check the manual that corresponds to your MySQL server version for the right syntax to use near '(``)' at line 1 for query ALTER TABLE wp_ib_card_services ADD  `` (``) made by require('wp-blog-header.php'), require_once('wp-load.php'), require_once('wp-config.php'), require_once('wp-settings.php'), do_action('after_setup_theme'), WP_Hook->do_action, WP_Hook->apply_filters, create_custom_tables, dbDelta
[26-May-2023 14:22:22 UTC] PHP Warning:  Undefined array key "index_type" in C:\Users\Administrator\Local Sites\international-bank\app\public\wp-admin\includes\upgrade.php on line 2873
[26-May-2023 14:22:22 UTC] PHP Deprecated:  trim(): Passing null to parameter #1 ($string) of type string is deprecated in C:\Users\Administrator\Local Sites\international-bank\app\public\wp-admin\includes\upgrade.php on line 2873
[26-May-2023 14:22:22 UTC] PHP Warning:  Undefined array key "index_name" in C:\Users\Administrator\Local Sites\international-bank\app\public\wp-admin\includes\upgrade.php on line 2879
[26-May-2023 14:22:22 UTC] PHP Deprecated:  strtolower(): Passing null to parameter #1 ($string) of type string is deprecated in C:\Users\Administrator\Local Sites\international-bank\app\public\wp-admin\includes\upgrade.php on line 2879
[26-May-2023 14:22:22 UTC] PHP Warning:  Undefined array key "index_columns" in C:\Users\Administrator\Local Sites\international-bank\app\public\wp-admin\includes\upgrade.php on line 2882
[26-May-2023 14:22:22 UTC] PHP Deprecated:  explode(): Passing null to parameter #2 ($string) of type string is deprecated in C:\Users\Administrator\Local Sites\international-bank\app\public\wp-admin\includes\upgrade.php on line 2882
[26-May-2023 14:22:22 UTC] PHP Warning:  Undefined array key "column_name" in C:\Users\Administrator\Local Sites\international-bank\app\public\wp-admin\includes\upgrade.php on line 2913
[26-May-2023 14:22:22 UTC] WordPress database error You have an error in your SQL syntax; check the manual that corresponds to your MySQL server version for the right syntax to use near '' at line 1 for query ALTER TABLE wp_ib_online_banking ADD COLUMN -- ADDITIONAL SERVICES made by require('wp-blog-header.php'), require_once('wp-load.php'), require_once('wp-config.php'), require_once('wp-settings.php'), do_action('after_setup_theme'), WP_Hook->do_action, WP_Hook->apply_filters, create_custom_tables, dbDelta
[26-May-2023 14:22:22 UTC] WordPress database error You have an error in your SQL syntax; check the manual that corresponds to your MySQL server version for the right syntax to use near '(``)' at line 1 for query ALTER TABLE wp_ib_online_banking ADD  `` (``) made by require('wp-blog-header.php'), require_once('wp-load.php'), require_once('wp-config.php'), require_once('wp-settings.php'), do_action('after_setup_theme'), WP_Hook->do_action, WP_Hook->apply_filters, create_custom_tables, dbDelta
[26-May-2023 14:22:22 UTC] PHP Warning:  Undefined array key "index_type" in C:\Users\Administrator\Local Sites\international-bank\app\public\wp-admin\includes\upgrade.php on line 2873
[26-May-2023 14:22:22 UTC] PHP Deprecated:  trim(): Passing null to parameter #1 ($string) of type string is deprecated in C:\Users\Administrator\Local Sites\international-bank\app\public\wp-admin\includes\upgrade.php on line 2873
[26-May-2023 14:22:22 UTC] PHP Warning:  Undefined array key "index_name" in C:\Users\Administrator\Local Sites\international-bank\app\public\wp-admin\includes\upgrade.php on line 2879
[26-May-2023 14:22:22 UTC] PHP Deprecated:  strtolower(): Passing null to parameter #1 ($string) of type string is deprecated in C:\Users\Administrator\Local Sites\international-bank\app\public\wp-admin\includes\upgrade.php on line 2879
[26-May-2023 14:22:22 UTC] PHP Warning:  Undefined array key "index_columns" in C:\Users\Administrator\Local Sites\international-bank\app\public\wp-admin\includes\upgrade.php on line 2882
[26-May-2023 14:22:22 UTC] PHP Deprecated:  explode(): Passing null to parameter #2 ($string) of type string is deprecated in C:\Users\Administrator\Local Sites\international-bank\app\public\wp-admin\includes\upgrade.php on line 2882
[26-May-2023 14:22:22 UTC] PHP Warning:  Undefined array key "column_name" in C:\Users\Administrator\Local Sites\international-bank\app\public\wp-admin\includes\upgrade.php on line 2913
[26-May-2023 14:22:22 UTC] WordPress database error You have an error in your SQL syntax; check the manual that corresponds to your MySQL server version for the right syntax to use near '' at line 1 for query ALTER TABLE wp_ib_sms_alert ADD COLUMN -- ADDITIONAL SERVICES made by require('wp-blog-header.php'), require_once('wp-load.php'), require_once('wp-config.php'), require_once('wp-settings.php'), do_action('after_setup_theme'), WP_Hook->do_action, WP_Hook->apply_filters, create_custom_tables, dbDelta
[26-May-2023 14:22:22 UTC] WordPress database error You have an error in your SQL syntax; check the manual that corresponds to your MySQL server version for the right syntax to use near '(``)' at line 1 for query ALTER TABLE wp_ib_sms_alert ADD  `` (``) made by require('wp-blog-header.php'), require_once('wp-load.php'), require_once('wp-config.php'), require_once('wp-settings.php'), do_action('after_setup_theme'), WP_Hook->do_action, WP_Hook->apply_filters, create_custom_tables, dbDelta
[26-May-2023 14:22:22 UTC] PHP Warning:  Undefined array key "index_type" in C:\Users\Administrator\Local Sites\international-bank\app\public\wp-admin\includes\upgrade.php on line 2873
[26-May-2023 14:22:22 UTC] PHP Deprecated:  trim(): Passing null to parameter #1 ($string) of type string is deprecated in C:\Users\Administrator\Local Sites\international-bank\app\public\wp-admin\includes\upgrade.php on line 2873
[26-May-2023 14:22:22 UTC] PHP Warning:  Undefined array key "index_name" in C:\Users\Administrator\Local Sites\international-bank\app\public\wp-admin\includes\upgrade.php on line 2879
[26-May-2023 14:22:22 UTC] PHP Deprecated:  strtolower(): Passing null to parameter #1 ($string) of type string is deprecated in C:\Users\Administrator\Local Sites\international-bank\app\public\wp-admin\includes\upgrade.php on line 2879
[26-May-2023 14:22:22 UTC] PHP Warning:  Undefined array key "index_columns" in C:\Users\Administrator\Local Sites\international-bank\app\public\wp-admin\includes\upgrade.php on line 2882
[26-May-2023 14:22:22 UTC] PHP Deprecated:  explode(): Passing null to parameter #2 ($string) of type string is deprecated in C:\Users\Administrator\Local Sites\international-bank\app\public\wp-admin\includes\upgrade.php on line 2882
[26-May-2023 14:22:22 UTC] PHP Warning:  Undefined array key "column_name" in C:\Users\Administrator\Local Sites\international-bank\app\public\wp-admin\includes\upgrade.php on line 2913
[26-May-2023 14:22:22 UTC] WordPress database error You have an error in your SQL syntax; check the manual that corresponds to your MySQL server version for the right syntax to use near '' at line 1 for query ALTER TABLE wp_ib_mobile_banking ADD COLUMN -- ADDITIONAL SERVICES made by require('wp-blog-header.php'), require_once('wp-load.php'), require_once('wp-config.php'), require_once('wp-settings.php'), do_action('after_setup_theme'), WP_Hook->do_action, WP_Hook->apply_filters, create_custom_tables, dbDelta
[26-May-2023 14:22:22 UTC] WordPress database error You have an error in your SQL syntax; check the manual that corresponds to your MySQL server version for the right syntax to use near '(``)' at line 1 for query ALTER TABLE wp_ib_mobile_banking ADD  `` (``) made by require('wp-blog-header.php'), require_once('wp-load.php'), require_once('wp-config.php'), require_once('wp-settings.php'), do_action('after_setup_theme'), WP_Hook->do_action, WP_Hook->apply_filters, create_custom_tables, dbDelta
[26-May-2023 14:22:22 UTC] PHP Warning:  Undefined array key "index_type" in C:\Users\Administrator\Local Sites\international-bank\app\public\wp-admin\includes\upgrade.php on line 2873
[26-May-2023 14:22:22 UTC] PHP Deprecated:  trim(): Passing null to parameter #1 ($string) of type string is deprecated in C:\Users\Administrator\Local Sites\international-bank\app\public\wp-admin\includes\upgrade.php on line 2873
[26-May-2023 14:22:22 UTC] PHP Warning:  Undefined array key "index_name" in C:\Users\Administrator\Local Sites\international-bank\app\public\wp-admin\includes\upgrade.php on line 2879
[26-May-2023 14:22:22 UTC] PHP Deprecated:  strtolower(): Passing null to parameter #1 ($string) of type string is deprecated in C:\Users\Administrator\Local Sites\international-bank\app\public\wp-admin\includes\upgrade.php on line 2879
[26-May-2023 14:22:22 UTC] PHP Warning:  Undefined array key "index_columns" in C:\Users\Administrator\Local Sites\international-bank\app\public\wp-admin\includes\upgrade.php on line 2882
[26-May-2023 14:22:22 UTC] PHP Deprecated:  explode(): Passing null to parameter #2 ($string) of type string is deprecated in C:\Users\Administrator\Local Sites\international-bank\app\public\wp-admin\includes\upgrade.php on line 2882
[26-May-2023 14:22:22 UTC] PHP Warning:  Undefined array key "column_name" in C:\Users\Administrator\Local Sites\international-bank\app\public\wp-admin\includes\upgrade.php on line 2913
[26-May-2023 14:22:22 UTC] WordPress database error You have an error in your SQL syntax; check the manual that corresponds to your MySQL server version for the right syntax to use near '' at line 1 for query ALTER TABLE wp_ib_e_statement ADD COLUMN -- ADDITIONAL SERVICES made by require('wp-blog-header.php'), require_once('wp-load.php'), require_once('wp-config.php'), require_once('wp-settings.php'), do_action('after_setup_theme'), WP_Hook->do_action, WP_Hook->apply_filters, create_custom_tables, dbDelta
[26-May-2023 14:22:22 UTC] WordPress database error You have an error in your SQL syntax; check the manual that corresponds to your MySQL server version for the right syntax to use near '(``)' at line 1 for query ALTER TABLE wp_ib_e_statement ADD  `` (``) made by require('wp-blog-header.php'), require_once('wp-load.php'), require_once('wp-config.php'), require_once('wp-settings.php'), do_action('after_setup_theme'), WP_Hook->do_action, WP_Hook->apply_filters, create_custom_tables, dbDelta
[26-May-2023 14:22:22 UTC] PHP Warning:  Undefined array key "index_type" in C:\Users\Administrator\Local Sites\international-bank\app\public\wp-admin\includes\upgrade.php on line 2873
[26-May-2023 14:22:22 UTC] PHP Deprecated:  trim(): Passing null to parameter #1 ($string) of type string is deprecated in C:\Users\Administrator\Local Sites\international-bank\app\public\wp-admin\includes\upgrade.php on line 2873
[26-May-2023 14:22:22 UTC] PHP Warning:  Undefined array key "index_name" in C:\Users\Administrator\Local Sites\international-bank\app\public\wp-admin\includes\upgrade.php on line 2879
[26-May-2023 14:22:22 UTC] PHP Deprecated:  strtolower(): Passing null to parameter #1 ($string) of type string is deprecated in C:\Users\Administrator\Local Sites\international-bank\app\public\wp-admin\includes\upgrade.php on line 2879
[26-May-2023 14:22:22 UTC] PHP Warning:  Undefined array key "index_columns" in C:\Users\Administrator\Local Sites\international-bank\app\public\wp-admin\includes\upgrade.php on line 2882
[26-May-2023 14:22:22 UTC] PHP Deprecated:  explode(): Passing null to parameter #2 ($string) of type string is deprecated in C:\Users\Administrator\Local Sites\international-bank\app\public\wp-admin\includes\upgrade.php on line 2882
[26-May-2023 14:22:22 UTC] PHP Warning:  Undefined array key "column_name" in C:\Users\Administrator\Local Sites\international-bank\app\public\wp-admin\includes\upgrade.php on line 2913
[26-May-2023 14:22:23 UTC] WordPress database error You have an error in your SQL syntax; check the manual that corresponds to your MySQL server version for the right syntax to use near '' at line 1 for query ALTER TABLE wp_ib_e_alert ADD COLUMN -- ADDITIONAL SERVICES made by require('wp-blog-header.php'), require_once('wp-load.php'), require_once('wp-config.php'), require_once('wp-settings.php'), do_action('after_setup_theme'), WP_Hook->do_action, WP_Hook->apply_filters, create_custom_tables, dbDelta
[26-May-2023 14:22:23 UTC] WordPress database error You have an error in your SQL syntax; check the manual that corresponds to your MySQL server version for the right syntax to use near '(``)' at line 1 for query ALTER TABLE wp_ib_e_alert ADD  `` (``) made by require('wp-blog-header.php'), require_once('wp-load.php'), require_once('wp-config.php'), require_once('wp-settings.php'), do_action('after_setup_theme'), WP_Hook->do_action, WP_Hook->apply_filters, create_custom_tables, dbDelta
[26-May-2023 14:23:27 UTC] PHP Warning:  Undefined array key "index_type" in C:\Users\Administrator\Local Sites\international-bank\app\public\wp-admin\includes\upgrade.php on line 2873
[26-May-2023 14:23:27 UTC] PHP Deprecated:  trim(): Passing null to parameter #1 ($string) of type string is deprecated in C:\Users\Administrator\Local Sites\international-bank\app\public\wp-admin\includes\upgrade.php on line 2873
[26-May-2023 14:23:27 UTC] PHP Warning:  Undefined array key "index_name" in C:\Users\Administrator\Local Sites\international-bank\app\public\wp-admin\includes\upgrade.php on line 2879
[26-May-2023 14:23:27 UTC] PHP Deprecated:  strtolower(): Passing null to parameter #1 ($string) of type string is deprecated in C:\Users\Administrator\Local Sites\international-bank\app\public\wp-admin\includes\upgrade.php on line 2879
[26-May-2023 14:23:27 UTC] PHP Warning:  Undefined array key "index_columns" in C:\Users\Administrator\Local Sites\international-bank\app\public\wp-admin\includes\upgrade.php on line 2882
[26-May-2023 14:23:27 UTC] PHP Deprecated:  explode(): Passing null to parameter #2 ($string) of type string is deprecated in C:\Users\Administrator\Local Sites\international-bank\app\public\wp-admin\includes\upgrade.php on line 2882
[26-May-2023 14:23:27 UTC] PHP Warning:  Undefined array key "column_name" in C:\Users\Administrator\Local Sites\international-bank\app\public\wp-admin\includes\upgrade.php on line 2913
[26-May-2023 14:23:28 UTC] WordPress database error You have an error in your SQL syntax; check the manual that corresponds to your MySQL server version for the right syntax to use near '' at line 1 for query ALTER TABLE wp_ib_push_pull ADD COLUMN -- ADDITIONAL SERVICES made by require('wp-blog-header.php'), require_once('wp-load.php'), require_once('wp-config.php'), require_once('wp-settings.php'), do_action('after_setup_theme'), WP_Hook->do_action, WP_Hook->apply_filters, create_custom_tables, dbDelta
[26-May-2023 14:23:28 UTC] WordPress database error You have an error in your SQL syntax; check the manual that corresponds to your MySQL server version for the right syntax to use near '(``)' at line 1 for query ALTER TABLE wp_ib_push_pull ADD  `` (``) made by require('wp-blog-header.php'), require_once('wp-load.php'), require_once('wp-config.php'), require_once('wp-settings.php'), do_action('after_setup_theme'), WP_Hook->do_action, WP_Hook->apply_filters, create_custom_tables, dbDelta
[26-May-2023 14:23:28 UTC] PHP Warning:  Undefined array key "index_type" in C:\Users\Administrator\Local Sites\international-bank\app\public\wp-admin\includes\upgrade.php on line 2873
[26-May-2023 14:23:28 UTC] PHP Deprecated:  trim(): Passing null to parameter #1 ($string) of type string is deprecated in C:\Users\Administrator\Local Sites\international-bank\app\public\wp-admin\includes\upgrade.php on line 2873
[26-May-2023 14:23:28 UTC] PHP Warning:  Undefined array key "index_name" in C:\Users\Administrator\Local Sites\international-bank\app\public\wp-admin\includes\upgrade.php on line 2879
[26-May-2023 14:23:28 UTC] PHP Deprecated:  strtolower(): Passing null to parameter #1 ($string) of type string is deprecated in C:\Users\Administrator\Local Sites\international-bank\app\public\wp-admin\includes\upgrade.php on line 2879
[26-May-2023 14:23:28 UTC] PHP Warning:  Undefined array key "index_columns" in C:\Users\Administrator\Local Sites\international-bank\app\public\wp-admin\includes\upgrade.php on line 2882
[26-May-2023 14:23:28 UTC] PHP Deprecated:  explode(): Passing null to parameter #2 ($string) of type string is deprecated in C:\Users\Administrator\Local Sites\international-bank\app\public\wp-admin\includes\upgrade.php on line 2882
[26-May-2023 14:23:28 UTC] PHP Warning:  Undefined array key "column_name" in C:\Users\Administrator\Local Sites\international-bank\app\public\wp-admin\includes\upgrade.php on line 2913
[26-May-2023 14:23:28 UTC] WordPress database error You have an error in your SQL syntax; check the manual that corresponds to your MySQL server version for the right syntax to use near '' at line 1 for query ALTER TABLE wp_ib_card_services ADD COLUMN -- ADDITIONAL SERVICES made by require('wp-blog-header.php'), require_once('wp-load.php'), require_once('wp-config.php'), require_once('wp-settings.php'), do_action('after_setup_theme'), WP_Hook->do_action, WP_Hook->apply_filters, create_custom_tables, dbDelta
[26-May-2023 14:23:28 UTC] WordPress database error You have an error in your SQL syntax; check the manual that corresponds to your MySQL server version for the right syntax to use near '(``)' at line 1 for query ALTER TABLE wp_ib_card_services ADD  `` (``) made by require('wp-blog-header.php'), require_once('wp-load.php'), require_once('wp-config.php'), require_once('wp-settings.php'), do_action('after_setup_theme'), WP_Hook->do_action, WP_Hook->apply_filters, create_custom_tables, dbDelta
[26-May-2023 14:23:28 UTC] PHP Warning:  Undefined array key "index_type" in C:\Users\Administrator\Local Sites\international-bank\app\public\wp-admin\includes\upgrade.php on line 2873
[26-May-2023 14:23:28 UTC] PHP Deprecated:  trim(): Passing null to parameter #1 ($string) of type string is deprecated in C:\Users\Administrator\Local Sites\international-bank\app\public\wp-admin\includes\upgrade.php on line 2873
[26-May-2023 14:23:28 UTC] PHP Warning:  Undefined array key "index_name" in C:\Users\Administrator\Local Sites\international-bank\app\public\wp-admin\includes\upgrade.php on line 2879
[26-May-2023 14:23:28 UTC] PHP Deprecated:  strtolower(): Passing null to parameter #1 ($string) of type string is deprecated in C:\Users\Administrator\Local Sites\international-bank\app\public\wp-admin\includes\upgrade.php on line 2879
[26-May-2023 14:23:28 UTC] PHP Warning:  Undefined array key "index_columns" in C:\Users\Administrator\Local Sites\international-bank\app\public\wp-admin\includes\upgrade.php on line 2882
[26-May-2023 14:23:28 UTC] PHP Deprecated:  explode(): Passing null to parameter #2 ($string) of type string is deprecated in C:\Users\Administrator\Local Sites\international-bank\app\public\wp-admin\includes\upgrade.php on line 2882
[26-May-2023 14:23:28 UTC] PHP Warning:  Undefined array key "column_name" in C:\Users\Administrator\Local Sites\international-bank\app\public\wp-admin\includes\upgrade.php on line 2913
[26-May-2023 14:23:28 UTC] WordPress database error You have an error in your SQL syntax; check the manual that corresponds to your MySQL server version for the right syntax to use near '' at line 1 for query ALTER TABLE wp_ib_online_banking ADD COLUMN -- ADDITIONAL SERVICES made by require('wp-blog-header.php'), require_once('wp-load.php'), require_once('wp-config.php'), require_once('wp-settings.php'), do_action('after_setup_theme'), WP_Hook->do_action, WP_Hook->apply_filters, create_custom_tables, dbDelta
[26-May-2023 14:23:28 UTC] WordPress database error You have an error in your SQL syntax; check the manual that corresponds to your MySQL server version for the right syntax to use near '(``)' at line 1 for query ALTER TABLE wp_ib_online_banking ADD  `` (``) made by require('wp-blog-header.php'), require_once('wp-load.php'), require_once('wp-config.php'), require_once('wp-settings.php'), do_action('after_setup_theme'), WP_Hook->do_action, WP_Hook->apply_filters, create_custom_tables, dbDelta
[26-May-2023 14:23:28 UTC] PHP Warning:  Undefined array key "index_type" in C:\Users\Administrator\Local Sites\international-bank\app\public\wp-admin\includes\upgrade.php on line 2873
[26-May-2023 14:23:28 UTC] PHP Deprecated:  trim(): Passing null to parameter #1 ($string) of type string is deprecated in C:\Users\Administrator\Local Sites\international-bank\app\public\wp-admin\includes\upgrade.php on line 2873
[26-May-2023 14:23:28 UTC] PHP Warning:  Undefined array key "index_name" in C:\Users\Administrator\Local Sites\international-bank\app\public\wp-admin\includes\upgrade.php on line 2879
[26-May-2023 14:23:28 UTC] PHP Deprecated:  strtolower(): Passing null to parameter #1 ($string) of type string is deprecated in C:\Users\Administrator\Local Sites\international-bank\app\public\wp-admin\includes\upgrade.php on line 2879
[26-May-2023 14:23:28 UTC] PHP Warning:  Undefined array key "index_columns" in C:\Users\Administrator\Local Sites\international-bank\app\public\wp-admin\includes\upgrade.php on line 2882
[26-May-2023 14:23:28 UTC] PHP Deprecated:  explode(): Passing null to parameter #2 ($string) of type string is deprecated in C:\Users\Administrator\Local Sites\international-bank\app\public\wp-admin\includes\upgrade.php on line 2882
[26-May-2023 14:23:28 UTC] PHP Warning:  Undefined array key "column_name" in C:\Users\Administrator\Local Sites\international-bank\app\public\wp-admin\includes\upgrade.php on line 2913
[26-May-2023 14:23:28 UTC] WordPress database error You have an error in your SQL syntax; check the manual that corresponds to your MySQL server version for the right syntax to use near '' at line 1 for query ALTER TABLE wp_ib_sms_alert ADD COLUMN -- ADDITIONAL SERVICES made by require('wp-blog-header.php'), require_once('wp-load.php'), require_once('wp-config.php'), require_once('wp-settings.php'), do_action('after_setup_theme'), WP_Hook->do_action, WP_Hook->apply_filters, create_custom_tables, dbDelta
[26-May-2023 14:23:28 UTC] WordPress database error You have an error in your SQL syntax; check the manual that corresponds to your MySQL server version for the right syntax to use near '(``)' at line 1 for query ALTER TABLE wp_ib_sms_alert ADD  `` (``) made by require('wp-blog-header.php'), require_once('wp-load.php'), require_once('wp-config.php'), require_once('wp-settings.php'), do_action('after_setup_theme'), WP_Hook->do_action, WP_Hook->apply_filters, create_custom_tables, dbDelta
[26-May-2023 14:23:28 UTC] PHP Warning:  Undefined array key "index_type" in C:\Users\Administrator\Local Sites\international-bank\app\public\wp-admin\includes\upgrade.php on line 2873
[26-May-2023 14:23:28 UTC] PHP Deprecated:  trim(): Passing null to parameter #1 ($string) of type string is deprecated in C:\Users\Administrator\Local Sites\international-bank\app\public\wp-admin\includes\upgrade.php on line 2873
[26-May-2023 14:23:28 UTC] PHP Warning:  Undefined array key "index_name" in C:\Users\Administrator\Local Sites\international-bank\app\public\wp-admin\includes\upgrade.php on line 2879
[26-May-2023 14:23:28 UTC] PHP Deprecated:  strtolower(): Passing null to parameter #1 ($string) of type string is deprecated in C:\Users\Administrator\Local Sites\international-bank\app\public\wp-admin\includes\upgrade.php on line 2879
[26-May-2023 14:23:28 UTC] PHP Warning:  Undefined array key "index_columns" in C:\Users\Administrator\Local Sites\international-bank\app\public\wp-admin\includes\upgrade.php on line 2882
[26-May-2023 14:23:28 UTC] PHP Deprecated:  explode(): Passing null to parameter #2 ($string) of type string is deprecated in C:\Users\Administrator\Local Sites\international-bank\app\public\wp-admin\includes\upgrade.php on line 2882
[26-May-2023 14:23:28 UTC] PHP Warning:  Undefined array key "column_name" in C:\Users\Administrator\Local Sites\international-bank\app\public\wp-admin\includes\upgrade.php on line 2913
[26-May-2023 14:23:28 UTC] WordPress database error You have an error in your SQL syntax; check the manual that corresponds to your MySQL server version for the right syntax to use near '' at line 1 for query ALTER TABLE wp_ib_mobile_banking ADD COLUMN -- ADDITIONAL SERVICES made by require('wp-blog-header.php'), require_once('wp-load.php'), require_once('wp-config.php'), require_once('wp-settings.php'), do_action('after_setup_theme'), WP_Hook->do_action, WP_Hook->apply_filters, create_custom_tables, dbDelta
[26-May-2023 14:23:28 UTC] WordPress database error You have an error in your SQL syntax; check the manual that corresponds to your MySQL server version for the right syntax to use near '(``)' at line 1 for query ALTER TABLE wp_ib_mobile_banking ADD  `` (``) made by require('wp-blog-header.php'), require_once('wp-load.php'), require_once('wp-config.php'), require_once('wp-settings.php'), do_action('after_setup_theme'), WP_Hook->do_action, WP_Hook->apply_filters, create_custom_tables, dbDelta
[26-May-2023 14:23:28 UTC] PHP Warning:  Undefined array key "index_type" in C:\Users\Administrator\Local Sites\international-bank\app\public\wp-admin\includes\upgrade.php on line 2873
[26-May-2023 14:23:28 UTC] PHP Deprecated:  trim(): Passing null to parameter #1 ($string) of type string is deprecated in C:\Users\Administrator\Local Sites\international-bank\app\public\wp-admin\includes\upgrade.php on line 2873
[26-May-2023 14:23:28 UTC] PHP Warning:  Undefined array key "index_name" in C:\Users\Administrator\Local Sites\international-bank\app\public\wp-admin\includes\upgrade.php on line 2879
[26-May-2023 14:23:28 UTC] PHP Deprecated:  strtolower(): Passing null to parameter #1 ($string) of type string is deprecated in C:\Users\Administrator\Local Sites\international-bank\app\public\wp-admin\includes\upgrade.php on line 2879
[26-May-2023 14:23:28 UTC] PHP Warning:  Undefined array key "index_columns" in C:\Users\Administrator\Local Sites\international-bank\app\public\wp-admin\includes\upgrade.php on line 2882
[26-May-2023 14:23:28 UTC] PHP Deprecated:  explode(): Passing null to parameter #2 ($string) of type string is deprecated in C:\Users\Administrator\Local Sites\international-bank\app\public\wp-admin\includes\upgrade.php on line 2882
[26-May-2023 14:23:28 UTC] PHP Warning:  Undefined array key "column_name" in C:\Users\Administrator\Local Sites\international-bank\app\public\wp-admin\includes\upgrade.php on line 2913
[26-May-2023 14:23:28 UTC] WordPress database error You have an error in your SQL syntax; check the manual that corresponds to your MySQL server version for the right syntax to use near '' at line 1 for query ALTER TABLE wp_ib_e_statement ADD COLUMN -- ADDITIONAL SERVICES made by require('wp-blog-header.php'), require_once('wp-load.php'), require_once('wp-config.php'), require_once('wp-settings.php'), do_action('after_setup_theme'), WP_Hook->do_action, WP_Hook->apply_filters, create_custom_tables, dbDelta
[26-May-2023 14:23:28 UTC] WordPress database error You have an error in your SQL syntax; check the manual that corresponds to your MySQL server version for the right syntax to use near '(``)' at line 1 for query ALTER TABLE wp_ib_e_statement ADD  `` (``) made by require('wp-blog-header.php'), require_once('wp-load.php'), require_once('wp-config.php'), require_once('wp-settings.php'), do_action('after_setup_theme'), WP_Hook->do_action, WP_Hook->apply_filters, create_custom_tables, dbDelta
[26-May-2023 14:23:28 UTC] PHP Warning:  Undefined array key "index_type" in C:\Users\Administrator\Local Sites\international-bank\app\public\wp-admin\includes\upgrade.php on line 2873
[26-May-2023 14:23:28 UTC] PHP Deprecated:  trim(): Passing null to parameter #1 ($string) of type string is deprecated in C:\Users\Administrator\Local Sites\international-bank\app\public\wp-admin\includes\upgrade.php on line 2873
[26-May-2023 14:23:28 UTC] PHP Warning:  Undefined array key "index_name" in C:\Users\Administrator\Local Sites\international-bank\app\public\wp-admin\includes\upgrade.php on line 2879
[26-May-2023 14:23:28 UTC] PHP Deprecated:  strtolower(): Passing null to parameter #1 ($string) of type string is deprecated in C:\Users\Administrator\Local Sites\international-bank\app\public\wp-admin\includes\upgrade.php on line 2879
[26-May-2023 14:23:28 UTC] PHP Warning:  Undefined array key "index_columns" in C:\Users\Administrator\Local Sites\international-bank\app\public\wp-admin\includes\upgrade.php on line 2882
[26-May-2023 14:23:28 UTC] PHP Deprecated:  explode(): Passing null to parameter #2 ($string) of type string is deprecated in C:\Users\Administrator\Local Sites\international-bank\app\public\wp-admin\includes\upgrade.php on line 2882
[26-May-2023 14:23:28 UTC] PHP Warning:  Undefined array key "column_name" in C:\Users\Administrator\Local Sites\international-bank\app\public\wp-admin\includes\upgrade.php on line 2913
[26-May-2023 14:23:29 UTC] WordPress database error You have an error in your SQL syntax; check the manual that corresponds to your MySQL server version for the right syntax to use near '' at line 1 for query ALTER TABLE wp_ib_e_alert ADD COLUMN -- ADDITIONAL SERVICES made by require('wp-blog-header.php'), require_once('wp-load.php'), require_once('wp-config.php'), require_once('wp-settings.php'), do_action('after_setup_theme'), WP_Hook->do_action, WP_Hook->apply_filters, create_custom_tables, dbDelta
[26-May-2023 14:23:29 UTC] WordPress database error You have an error in your SQL syntax; check the manual that corresponds to your MySQL server version for the right syntax to use near '(``)' at line 1 for query ALTER TABLE wp_ib_e_alert ADD  `` (``) made by require('wp-blog-header.php'), require_once('wp-load.php'), require_once('wp-config.php'), require_once('wp-settings.php'), do_action('after_setup_theme'), WP_Hook->do_action, WP_Hook->apply_filters, create_custom_tables, dbDelta
